{"C:\\Users\\groga\\Desktop\\react_TDD\\gift_giver\\src\\setupTests.js": {"path":"C:\\Users\\groga\\Desktop\\react_TDD\\gift_giver\\src\\setupTests.js","statementMap":{"0":{"start":{"line":5,"column":0},"end":{"line":5,"column":69}}},"fnMap":{},"branchMap":{},"s":{"0":3},"f":{},"b":{},"_coverageSchema":"332fd63041d2c1bcb487cc26dd0d5f7d97098a6c","hash":"62fa2c7b11e44da88f484e8f0f581f5474e8ca0f"}
,"C:\\Users\\groga\\Desktop\\react_TDD\\gift_giver\\src\\tempPolyfills.js": {"path":"C:\\Users\\groga\\Desktop\\react_TDD\\gift_giver\\src\\tempPolyfills.js","statementMap":{"0":{"start":{"line":1,"column":31},"end":{"line":2,"column":25}},"1":{"start":{"line":2,"column":2},"end":{"line":2,"column":25}}},"fnMap":{"0":{"name":"(anonymous_0)","decl":{"start":{"line":1,"column":62},"end":{"line":1,"column":63}},"loc":{"start":{"line":2,"column":2},"end":{"line":2,"column":25}},"line":2}},"branchMap":{},"s":{"0":3,"1":0},"f":{"0":0},"b":{},"_coverageSchema":"332fd63041d2c1bcb487cc26dd0d5f7d97098a6c","hash":"2ddccedb762ce01c859188325479755a98cd2a63"}
,"C:\\Users\\groga\\Desktop\\react_TDD\\gift_giver\\src\\components\\App.js": {"path":"C:\\Users\\groga\\Desktop\\react_TDD\\gift_giver\\src\\components\\App.js","statementMap":{"0":{"start":{"line":8,"column":4},"end":{"line":8,"column":12}},"1":{"start":{"line":9,"column":4},"end":{"line":12,"column":6}},"2":{"start":{"line":16,"column":22},"end":{"line":16,"column":32}},"3":{"start":{"line":17,"column":4},"end":{"line":17,"column":78}},"4":{"start":{"line":17,"column":61},"end":{"line":17,"column":68}},"5":{"start":{"line":18,"column":4},"end":{"line":18,"column":29}},"6":{"start":{"line":22,"column":18},"end":{"line":22,"column":65}},"7":{"start":{"line":22,"column":50},"end":{"line":22,"column":64}},"8":{"start":{"line":23,"column":4},"end":{"line":23,"column":29}},"9":{"start":{"line":27,"column":4},"end":{"line":41,"column":6}},"10":{"start":{"line":32,"column":12},"end":{"line":34,"column":14}}},"fnMap":{"0":{"name":"(anonymous_0)","decl":{"start":{"line":7,"column":2},"end":{"line":7,"column":3}},"loc":{"start":{"line":7,"column":16},"end":{"line":13,"column":3}},"line":7},"1":{"name":"(anonymous_1)","decl":{"start":{"line":15,"column":12},"end":{"line":15,"column":13}},"loc":{"start":{"line":15,"column":18},"end":{"line":19,"column":3}},"line":15},"2":{"name":"(anonymous_2)","decl":{"start":{"line":17,"column":53},"end":{"line":17,"column":54}},"loc":{"start":{"line":17,"column":61},"end":{"line":17,"column":68}},"line":17},"3":{"name":"(anonymous_3)","decl":{"start":{"line":21,"column":15},"end":{"line":21,"column":16}},"loc":{"start":{"line":21,"column":21},"end":{"line":24,"column":3}},"line":21},"4":{"name":"(anonymous_4)","decl":{"start":{"line":22,"column":42},"end":{"line":22,"column":43}},"loc":{"start":{"line":22,"column":50},"end":{"line":22,"column":64}},"line":22},"5":{"name":"(anonymous_5)","decl":{"start":{"line":26,"column":2},"end":{"line":26,"column":3}},"loc":{"start":{"line":26,"column":11},"end":{"line":42,"column":3}},"line":26},"6":{"name":"(anonymous_6)","decl":{"start":{"line":31,"column":32},"end":{"line":31,"column":33}},"loc":{"start":{"line":31,"column":40},"end":{"line":35,"column":11}},"line":31}},"branchMap":{},"s":{"0":1,"1":1,"2":4,"3":4,"4":0,"5":4,"6":1,"7":1,"8":1,"9":10,"10":4},"f":{"0":1,"1":4,"2":0,"3":1,"4":1,"5":10,"6":4},"b":{},"_coverageSchema":"332fd63041d2c1bcb487cc26dd0d5f7d97098a6c","hash":"154e6c05bec597bbadec6bf093059233f1f7c35e"}
,"C:\\Users\\groga\\Desktop\\react_TDD\\gift_giver\\src\\components\\Gift.js": {"path":"C:\\Users\\groga\\Desktop\\react_TDD\\gift_giver\\src\\components\\Gift.js","statementMap":{"0":{"start":{"line":12,"column":4},"end":{"line":12,"column":12}},"1":{"start":{"line":13,"column":4},"end":{"line":16,"column":6}},"2":{"start":{"line":20,"column":4},"end":{"line":45,"column":6}},"3":{"start":{"line":27,"column":33},"end":{"line":27,"column":78}},"4":{"start":{"line":34,"column":33},"end":{"line":34,"column":79}},"5":{"start":{"line":40,"column":25},"end":{"line":40,"column":66}}},"fnMap":{"0":{"name":"(anonymous_0)","decl":{"start":{"line":11,"column":2},"end":{"line":11,"column":3}},"loc":{"start":{"line":11,"column":16},"end":{"line":17,"column":3}},"line":11},"1":{"name":"(anonymous_1)","decl":{"start":{"line":19,"column":2},"end":{"line":19,"column":3}},"loc":{"start":{"line":19,"column":11},"end":{"line":46,"column":3}},"line":19},"2":{"name":"(anonymous_2)","decl":{"start":{"line":27,"column":24},"end":{"line":27,"column":25}},"loc":{"start":{"line":27,"column":33},"end":{"line":27,"column":78}},"line":27},"3":{"name":"(anonymous_3)","decl":{"start":{"line":34,"column":24},"end":{"line":34,"column":25}},"loc":{"start":{"line":34,"column":33},"end":{"line":34,"column":79}},"line":34},"4":{"name":"(anonymous_4)","decl":{"start":{"line":40,"column":19},"end":{"line":40,"column":20}},"loc":{"start":{"line":40,"column":25},"end":{"line":40,"column":66}},"line":40}},"branchMap":{},"s":{"0":1,"1":1,"2":3,"3":1,"4":1,"5":1},"f":{"0":1,"1":3,"2":1,"3":1,"4":1},"b":{},"_coverageSchema":"332fd63041d2c1bcb487cc26dd0d5f7d97098a6c","hash":"ebec86927b6a072172ca14436cd19ac609077140"}
,"C:\\Users\\groga\\Desktop\\react_TDD\\gift_giver\\src\\helper\\index.js": {"path":"C:\\Users\\groga\\Desktop\\react_TDD\\gift_giver\\src\\helper\\index.js","statementMap":{"0":{"start":{"line":1,"column":26},"end":{"line":3,"column":1}},"1":{"start":{"line":2,"column":2},"end":{"line":2,"column":55}}},"fnMap":{"0":{"name":"(anonymous_0)","decl":{"start":{"line":1,"column":26},"end":{"line":1,"column":27}},"loc":{"start":{"line":1,"column":37},"end":{"line":3,"column":1}},"line":1}},"branchMap":{"0":{"loc":{"start":{"line":2,"column":9},"end":{"line":2,"column":54}},"type":"cond-expr","locations":[{"start":{"line":2,"column":30},"end":{"line":2,"column":50}},{"start":{"line":2,"column":53},"end":{"line":2,"column":54}}],"line":2}},"s":{"0":2,"1":6},"f":{"0":6},"b":{"0":[1,5]},"_coverageSchema":"332fd63041d2c1bcb487cc26dd0d5f7d97098a6c","hash":"b3406661e600981d23089785192f4cbb4b4b3cb7"}
}
